<?xml version="1.0" encoding="UTF-8"?>
<testng-results ignored="0" total="1" passed="1" failed="0" skipped="0">
  <reporter-output>
  </reporter-output>
  <suite started-at="2022-03-14T16:08:35 IST" name="Default suite" finished-at="2022-03-14T16:08:35 IST" duration-ms="50">
    <groups>
    </groups>
    <test started-at="2022-03-14T16:08:35 IST" name="Default test" finished-at="2022-03-14T16:08:35 IST" duration-ms="50">
      <class name="demotest2.DemoTest2">
        <test-method signature="testParameter()[pri:0, instance:demotest2.DemoTest2@4f67eb2a]" started-at="2022-03-14T16:08:35 IST" name="testParameter" finished-at="2022-03-14T16:08:35 IST" duration-ms="10" status="PASS">
          <reporter-output>
          </reporter-output>
        </test-method> <!-- testParameter -->
      </class> <!-- demotest2.DemoTest2 -->
    </test> <!-- Default test -->
  </suite> <!-- Default suite -->
</testng-results>
